This is pdfTeX, Version 3.141592653-2.6-1.40.22 (MiKTeX 21.6) (preloaded format=pdftex 2022.3.1)  1 MAR 2022 11:10
entering extended mode
**./Ivan_Ogloblin.tex
(Ivan_Ogloblin.tex
! Undefined control sequence.
l.1 \documentclass
                  [11pt,a4paper,sans]{moderncv}        % possible options in...

? 
! Undefined control sequence.
l.4 \moderncvstyle
                  {banking}                            % style options are '...

? 
! Undefined control sequence.
l.5 \moderncvcolor
                  {blue}                              % color options 'blue'...

? 
! Undefined control sequence.
l.10 \usepackage
                [utf8]{inputenc}
? 
! Undefined control sequence.
l.12 \usepackage
                {pdfpages}%
? 
! Undefined control sequence.
l.15 \usepackage
                {multicol}
? 
! Undefined control sequence.
l.17 \usepackage
                {xcolor}
? 
! Undefined control sequence.
l.19 \usepackage
                [scale=0.8,top=0.5cm, bottom=0.1cm]{geometry}
? 
! Undefined control sequence.
l.23 \usepackage
                {xpatch}
? 
! Undefined control sequence.
l.24 \xpatchcmd
               \cventry{,}{}{}{}
? 
! Undefined control sequence.
l.24 \xpatchcmd\cventry
                       {,}{}{}{}
? 
! Undefined control sequence.
l.28 \name
          {Ivan}{Ogloblin}                               % optional, remove ...

? 
! Undefined control sequence.
l.30 \vspace
            *{3mm}
? 
! Undefined control sequence.
l.34 \email
           {studioshader2018@gmail.com}                               % opti...

? 
! Undefined control sequence.
l.36 \social
            [github]{StudioShader}
? 
! Undefined control sequence.
l.38 \phone
           [fixed]{+7~(913)~923~87~12}
? 
! Undefined control sequence.
l.56 \begin
           {document}
? 
! Undefined control sequence.
l.59 	\vspace
             *{-1.05mm}
? 
! Undefined control sequence.
l.60 	\makecvtitle
                  
? 
! Undefined control sequence.
l.61 	\vspace
             *{-10mm}
? 
! Undefined control sequence.
l.63 	\section
              {Education}
? 
! Undefined control sequence.
l.64 	\cventry
              {}{}{Saint-Petersburg State University}{Sept 2019 - July 2023}...

? 
! Undefined control sequence.
l.64 ...University}{Sept 2019 - July 2023}{\hspace
                                                  *{-2.5 mm} Bachelor of Sci...

? 
! Undefined control sequence.
l.66 	\vspace
             {-1.0em}\begin{small}
? 
! Undefined control sequence.
l.66 	\vspace{-1.0em}\begin
                           {small}
? 
! Undefined control sequence.
l.67 		\begin
             {multicols}{4}
? 
! Undefined control sequence.
l.68 			\begin
              {itemize}
? 
[1{C:/Users/studi/AppData/Local/MiKTeX/pdftex/config/pdftex.map}] )<C:/Users/st
udi/AppData/Local/Programs/MiKTeX/fonts/type1/public/amsfonts/cm/cmr10.pfb>
Output written on Ivan_Ogloblin.pdf (1 page, 24191 bytes).
PDF statistics:
 10 PDF objects out of 1000 (max. 8388607)
 0 named destinations out of 1000 (max. 500000)
 1 words of extra memory for PDF output out of 10000 (max. 10000000)

